[01:22:44] [ServerMain/INFO]: [bootstrap] Running Java 21 (OpenJDK 64-Bit Server VM 21.0.5+11-Ubuntu-1ubuntu120.04; Ubuntu null) on Linux 6.5.0-1025-azure (amd64)
[01:22:44] [ServerMain/INFO]: [bootstrap] Loading Paper 1.21-130-master@b1b5d4c (2024-08-10T10:02:42Z) for Minecraft 1.21
[01:22:45] [ServerMain/INFO]: [PluginInitializerManager] Initializing plugins...
[01:22:46] [ServerMain/INFO]: [PluginInitializerManager] Initialized 3 plugins
[01:22:46] [ServerMain/INFO]: [PluginInitializerManager] Bukkit plugins (3):
 - Geyser-Spigot (2.6.0-SNAPSHOT), ViaVersion (5.2.1), floodgate (2.2.3-SNAPSHOT (b114-83fbd6e))
[01:22:53] [ServerMain/INFO]: Environment: Environment[sessionHost=https://sessionserver.mojang.com, servicesHost=https://api.minecraftservices.com, name=PROD]
[01:22:56] [ServerMain/INFO]: Loaded 1290 recipes
[01:22:56] [ServerMain/INFO]: Loaded 1399 advancements
[01:22:57] [Server thread/INFO]: Starting minecraft server version 1.21
[01:22:57] [Server thread/INFO]: Loading properties
[01:22:57] [Server thread/INFO]: This server is running Paper version 1.21-130-master@b1b5d4c (2024-08-10T10:02:42Z) (Implementing API version 1.21-R0.1-SNAPSHOT)
[01:22:58] [Server thread/INFO]: [spark] This server bundles the spark profiler. For more information please visit https://docs.papermc.io/paper/profiling
[01:22:58] [Server thread/INFO]: Using 4 threads for Netty based IO
[01:22:58] [Server thread/INFO]: Server Ping Player Sample Count: 12
[01:22:59] [Server thread/INFO]: [ChunkTaskScheduler] Chunk system is using 1 I/O threads, 1 worker threads, and population gen parallelism of 1 threads
[01:23:00] [Server thread/INFO]: Default game type: SURVIVAL
[01:23:00] [Server thread/INFO]: Generating keypair
[01:23:00] [Server thread/INFO]: Starting Minecraft server on *:25565
[01:23:00] [Server thread/INFO]: Using epoll channel type
[01:23:00] [Server thread/INFO]: Paper: Using libdeflate (Linux x86_64) compression from Velocity.
[01:23:00] [Server thread/INFO]: Paper: Using OpenSSL 1.1.x (Linux x86_64) cipher from Velocity.
[01:23:02] [Server thread/INFO]: [floodgate] Loading server plugin floodgate v2.2.3-SNAPSHOT (b114-83fbd6e)
[01:23:05] [Server thread/WARN]: [floodgate] en_ is not a supported Floodgate language.
[01:23:05] [Server thread/INFO]: [floodgate] Took 3,279ms to boot Floodgate
[01:23:05] [Server thread/INFO]: [ViaVersion] Loading server plugin ViaVersion v5.2.1
[01:23:05] [Server thread/INFO]: [ViaVersion] ViaVersion 5.2.1 is now loaded. Registering protocol transformers and injecting...
[01:23:07] [Via-Mappingloader-0/INFO]: [ViaVersion] Loading block connection mappings ...
[01:23:08] [Via-Mappingloader-0/INFO]: [ViaVersion] Using FastUtil Long2ObjectOpenHashMap for block connections
[01:23:09] [Server thread/INFO]: [Geyser-Spigot] Loading server plugin Geyser-Spigot v2.6.0-SNAPSHOT
[01:23:12] [Server thread/INFO]: [Geyser-Spigot] Loading extensions...
[01:23:12] [Server thread/INFO]: [Geyser-Spigot] Loaded 0 extension(s)
[01:23:12] [Server thread/INFO]: Server permissions file permissions.yml is empty, ignoring it
[01:23:12] [Server thread/WARN]: **** SERVER IS RUNNING IN OFFLINE/INSECURE MODE!
[01:23:12] [Server thread/WARN]: The server will make no attempt to authenticate usernames. Beware.
[01:23:12] [Server thread/WARN]: While this makes the game possible to play without internet access, it also opens up the ability for hackers to connect with any username they choose.
[01:23:12] [Server thread/WARN]: To change this, set "online-mode" to "true" in the server.properties file.
[01:23:12] [Server thread/INFO]: Preparing level "world"
[01:23:13] [Server thread/INFO]: Preparing start region for dimension minecraft:overworld
[01:23:15] [Server thread/INFO]: Time elapsed: 2293 ms
[01:23:15] [Server thread/INFO]: Preparing start region for dimension minecraft:the_nether
[01:23:16] [Server thread/INFO]: Time elapsed: 423 ms
[01:23:16] [Server thread/INFO]: Preparing start region for dimension minecraft:the_end
[01:23:16] [Server thread/INFO]: Time elapsed: 338 ms
[01:23:16] [Server thread/INFO]: [floodgate] Enabling floodgate v2.2.3-SNAPSHOT (b114-83fbd6e)
[01:23:18] [Server thread/INFO]: [ViaVersion] Enabling ViaVersion v5.2.1
[01:23:18] [Server thread/INFO]: [ViaVersion] ViaVersion detected server version: 1.21-1.21.1 (767)
[01:23:18] [Server thread/INFO]: [Geyser-Spigot] Enabling Geyser-Spigot v2.6.0-SNAPSHOT
[01:23:20] [Server thread/INFO]: [spark] Starting background profiler...
[01:23:20] [Server thread/INFO]: [Geyser-Spigot] ******************************************
[01:23:20] [Server thread/INFO]: [Geyser-Spigot] 
[01:23:20] [Server thread/INFO]: [Geyser-Spigot] Loading Geyser version 2.6.0-b742 (git-master-ddd1afa)
[01:23:20] [Server thread/INFO]: [Geyser-Spigot] 
[01:23:20] [Server thread/INFO]: [Geyser-Spigot] ******************************************
[01:23:32] [epollEventLoopGroup-3-1/INFO]: [Geyser-Spigot] Started Geyser on UDP port 3847
[01:23:32] [Server thread/INFO]: [Geyser-Spigot] Done (11.501s)! Run /geyser help for help!
[01:23:32] [Server thread/INFO]: Done preparing level "world" (20.363s)
[01:23:32] [Server thread/INFO]: Running delayed init tasks
[01:23:32] [Server thread/INFO]: Done (49.828s)! For help, type "help"
[01:23:32] [Server thread/INFO]: Timings Reset
[01:23:32] [Craft Scheduler Thread - 5 - ViaVersion/INFO]: [ViaVersion] Finished mapping loading, shutting down loader executor.
[01:35:52] [User Authenticator #0/INFO]: UUID of player Luckzow1 is dee28ccf-e7f0-3594-ba6b-563738527727
[01:35:54] [Server thread/INFO]: Luckzow1 joined the game
[01:35:54] [Server thread/INFO]: Luckzow1[/127.210.43.175:58401] logged in with entity id 23 at ([world]-37.5, 70.0, -80.5)
[01:36:30] [Server thread/INFO]: Luckzow1 lost connection: Disconnected
[01:36:30] [Server thread/INFO]: Luckzow1 left the game
